# JRE version: OpenJDK Runtime Environment Temurin-17.0.8.1+1 (17.0.8.1+1) (build 17.0.8.1+1)
# Java VM: OpenJDK 64-Bit Server VM Temurin-17.0.8.1+1 (17.0.8.1+1, mixed mode, tiered, compressed oops, compressed class ptrs, parallel gc, linux-amd64)
GC Precious Log:
 CPUs: 8 total, 8 available
 Memory: 7787M
 Large Page Support: Disabled
 NUMA Support: Disabled
 Compressed Oops: Enabled (32-bit)
 Alignments: Space 512K, Generation 512K, Heap 2M
 Heap Min Capacity: 100M
 Heap Initial Capacity: 100M
 Heap Max Capacity: 1G
 Pre-touch: Disabled
 Parallel Workers: 8
Heap:
 PSYoungGen      total 30720K, used 22873K [0x00000000eab00000, 0x00000000ecb80000, 0x0000000100000000)
  eden space 28672K, 74% used [0x00000000eab00000,0x00000000ebfc6530,0x00000000ec700000)
  from space 2048K, 78% used [0x00000000ec700000,0x00000000ec890000,0x00000000ec900000)
  to   space 2048K, 0% used [0x00000000ec980000,0x00000000ec980000,0x00000000ecb80000)
 ParOldGen       total 171008K, used 94937K [0x00000000c0000000, 0x00000000ca700000, 0x00000000eab00000)
  object space 171008K, 55% used [0x00000000c0000000,0x00000000c5cb6658,0x00000000ca700000)
 Metaspace       used 72386K, committed 73728K, reserved 1179648K
  class space    used 7699K, committed 8256K, reserved 1048576K
GC Heap History (20 events):
Event: 12.210 GC heap before
{Heap before GC invocations=57 (full 5):
 PSYoungGen      total 16384K, used 15360K [0x00000000eab00000, 0x00000000ebd00000, 0x0000000100000000)
  eden space 15360K, 100% used [0x00000000eab00000,0x00000000eba00000,0x00000000eba00000)
  from space 1024K, 0% used [0x00000000ebb00000,0x00000000ebb00000,0x00000000ebc00000)
  to   space 1024K, 0% used [0x00000000ebc00000,0x00000000ebc00000,0x00000000ebd00000)
 ParOldGen       total 99328K, used 95173K [0x00000000c0000000, 0x00000000c6100000, 0x00000000eab00000)
  object space 99328K, 95% used [0x00000000c0000000,0x00000000c5cf1678,0x00000000c6100000)
 Metaspace       used 70632K, committed 71936K, reserved 1114112K
  class space    used 7565K, committed 8128K, reserved 1048576K
}
Event: 12.293 GC heap after
{Heap after GC invocations=57 (full 5):
 PSYoungGen      total 17408K, used 0K [0x00000000eab00000, 0x00000000ebd00000, 0x0000000100000000)
  eden space 16384K, 0% used [0x00000000eab00000,0x00000000eab00000,0x00000000ebb00000)
  from space 1024K, 0% used [0x00000000ebc00000,0x00000000ebc00000,0x00000000ebd00000)
  to   space 1024K, 0% used [0x00000000ebb00000,0x00000000ebb00000,0x00000000ebc00000)
 ParOldGen       total 117248K, used 66519K [0x00000000c0000000, 0x00000000c7280000, 0x00000000eab00000)
  object space 117248K, 56% used [0x00000000c0000000,0x00000000c40f5cf8,0x00000000c7280000)
 Metaspace       used 70632K, committed 71936K, reserved 1114112K
  class space    used 7565K, committed 8128K, reserved 1048576K
}
Event: 12.384 GC heap before
{Heap before GC invocations=58 (full 5):
 PSYoungGen      total 17408K, used 16384K [0x00000000eab00000, 0x00000000ebd00000, 0x0000000100000000)
  eden space 16384K, 100% used [0x00000000eab00000,0x00000000ebb00000,0x00000000ebb00000)
  from space 1024K, 0% used [0x00000000ebc00000,0x00000000ebc00000,0x00000000ebd00000)
  to   space 1024K, 0% used [0x00000000ebb00000,0x00000000ebb00000,0x00000000ebc00000)
 ParOldGen       total 117248K, used 66519K [0x00000000c0000000, 0x00000000c7280000, 0x00000000eab00000)
  object space 117248K, 56% used [0x00000000c0000000,0x00000000c40f5cf8,0x00000000c7280000)
 Metaspace       used 70761K, committed 72000K, reserved 1114112K
  class space    used 7565K, committed 8128K, reserved 1048576K
}
Event: 12.393 GC heap after
{Heap after GC invocations=58 (full 5):
 PSYoungGen      total 17408K, used 1024K [0x00000000eab00000, 0x00000000ed100000, 0x0000000100000000)
  eden space 16384K, 0% used [0x00000000eab00000,0x00000000eab00000,0x00000000ebb00000)
  from space 1024K, 100% used [0x00000000ebb00000,0x00000000ebc00000,0x00000000ebc00000)
  to   space 10752K, 0% used [0x00000000ec680000,0x00000000ec680000,0x00000000ed100000)
 ParOldGen       total 117248K, used 74343K [0x00000000c0000000, 0x00000000c7280000, 0x00000000eab00000)
  object space 117248K, 63% used [0x00000000c0000000,0x00000000c4899cf8,0x00000000c7280000)
 Metaspace       used 70761K, committed 72000K, reserved 1114112K
  class space    used 7565K, committed 8128K, reserved 1048576K
}
Event: 12.457 GC heap before
{Heap before GC invocations=59 (full 5):
 PSYoungGen      total 17408K, used 17408K [0x00000000eab00000, 0x00000000ed100000, 0x0000000100000000)
  eden space 16384K, 100% used [0x00000000eab00000,0x00000000ebb00000,0x00000000ebb00000)
  from space 1024K, 100% used [0x00000000ebb00000,0x00000000ebc00000,0x00000000ebc00000)
  to   space 10752K, 0% used [0x00000000ec680000,0x00000000ec680000,0x00000000ed100000)
 ParOldGen       total 117248K, used 74343K [0x00000000c0000000, 0x00000000c7280000, 0x00000000eab00000)
  object space 117248K, 63% used [0x00000000c0000000,0x00000000c4899cf8,0x00000000c7280000)
 Metaspace       used 70815K, committed 72064K, reserved 1114112K
  class space    used 7566K, committed 8128K, reserved 1048576K
}
Event: 12.468 GC heap after
{Heap after GC invocations=59 (full 5):
 PSYoungGen      total 26624K, used 9024K [0x00000000eab00000, 0x00000000ecf80000, 0x0000000100000000)
  eden space 17408K, 0% used [0x00000000eab00000,0x00000000eab00000,0x00000000ebc00000)
  from space 9216K, 97% used [0x00000000ec680000,0x00000000ecf50000,0x00000000ecf80000)
  to   space 9728K, 0% used [0x00000000ebc80000,0x00000000ebc80000,0x00000000ec600000)
 ParOldGen       total 117248K, used 75207K [0x00000000c0000000, 0x00000000c7280000, 0x00000000eab00000)
  object space 117248K, 64% used [0x00000000c0000000,0x00000000c4971d08,0x00000000c7280000)
 Metaspace       used 70815K, committed 72064K, reserved 1114112K
  class space    used 7566K, committed 8128K, reserved 1048576K
}
Event: 12.523 GC heap before
{Heap before GC invocations=60 (full 5):
 PSYoungGen      total 26624K, used 26427K [0x00000000eab00000, 0x00000000ecf80000, 0x0000000100000000)
  eden space 17408K, 99% used [0x00000000eab00000,0x00000000ebbfec70,0x00000000ebc00000)
  from space 9216K, 97% used [0x00000000ec680000,0x00000000ecf50000,0x00000000ecf80000)
  to   space 9728K, 0% used [0x00000000ebc80000,0x00000000ebc80000,0x00000000ec600000)
 ParOldGen       total 117248K, used 75207K [0x00000000c0000000, 0x00000000c7280000, 0x00000000eab00000)
  object space 117248K, 64% used [0x00000000c0000000,0x00000000c4971d08,0x00000000c7280000)
 Metaspace       used 70888K, committed 72192K, reserved 1114112K
  class space    used 7567K, committed 8128K, reserved 1048576K
}
Event: 12.542 GC heap after
{Heap after GC invocations=60 (full 5):
 PSYoungGen      total 27648K, used 9728K [0x00000000eab00000, 0x00000000ee280000, 0x0000000100000000)
  eden space 17920K, 0% used [0x00000000eab00000,0x00000000eab00000,0x00000000ebc80000)
  from space 9728K, 100% used [0x00000000ebc80000,0x00000000ec600000,0x00000000ec600000)
  to   space 18944K, 0% used [0x00000000ed000000,0x00000000ed000000,0x00000000ee280000)
 ParOldGen       total 117248K, used 82575K [0x00000000c0000000, 0x00000000c7280000, 0x00000000eab00000)
  object space 117248K, 70% used [0x00000000c0000000,0x00000000c50a3d08,0x00000000c7280000)
 Metaspace       used 70888K, committed 72192K, reserved 1114112K
  class space    used 7567K, committed 8128K, reserved 1048576K
}
Event: 12.585 GC heap before
{Heap before GC invocations=61 (full 5):
 PSYoungGen      total 27648K, used 27648K [0x00000000eab00000, 0x00000000ee280000, 0x0000000100000000)
  eden space 17920K, 100% used [0x00000000eab00000,0x00000000ebc80000,0x00000000ebc80000)
  from space 9728K, 100% used [0x00000000ebc80000,0x00000000ec600000,0x00000000ec600000)
  to   space 18944K, 0% used [0x00000000ed000000,0x00000000ed000000,0x00000000ee280000)
 ParOldGen       total 117248K, used 82575K [0x00000000c0000000, 0x00000000c7280000, 0x00000000eab00000)
  object space 117248K, 70% used [0x00000000c0000000,0x00000000c50a3d08,0x00000000c7280000)
 Metaspace       used 70912K, committed 72192K, reserved 1114112K
  class space    used 7568K, committed 8128K, reserved 1048576K
}
Event: 12.598 GC heap after
{Heap after GC invocations=61 (full 5):
 PSYoungGen      total 29184K, used 8768K [0x00000000eab00000, 0x00000000ed900000, 0x0000000100000000)
  eden space 19968K, 0% used [0x00000000eab00000,0x00000000eab00000,0x00000000ebe80000)
  from space 9216K, 95% used [0x00000000ed000000,0x00000000ed890000,0x00000000ed900000)
  to   space 11776K, 0% used [0x00000000ec200000,0x00000000ec200000,0x00000000ecd80000)
 ParOldGen       total 117248K, used 92218K [0x00000000c0000000, 0x00000000c7280000, 0x00000000eab00000)
  object space 117248K, 78% used [0x00000000c0000000,0x00000000c5a0ea60,0x00000000c7280000)
 Metaspace       used 70912K, committed 72192K, reserved 1114112K
  class space    used 7568K, committed 8128K, reserved 1048576K
}
Event: 12.681 GC heap before
{Heap before GC invocations=62 (full 5):
 PSYoungGen      total 29184K, used 28720K [0x00000000eab00000, 0x00000000ed900000, 0x0000000100000000)
  eden space 19968K, 99% used [0x00000000eab00000,0x00000000ebe7c1b0,0x00000000ebe80000)
  from space 9216K, 95% used [0x00000000ed000000,0x00000000ed890000,0x00000000ed900000)
  to   space 11776K, 0% used [0x00000000ec200000,0x00000000ec200000,0x00000000ecd80000)
 ParOldGen       total 117248K, used 92218K [0x00000000c0000000, 0x00000000c7280000, 0x00000000eab00000)
  object space 117248K, 78% used [0x00000000c0000000,0x00000000c5a0ea60,0x00000000c7280000)
 Metaspace       used 70991K, committed 72320K, reserved 1114112K
  class space    used 7569K, committed 8128K, reserved 1048576K
}
Event: 12.692 GC heap after
{Heap after GC invocations=62 (full 5):
 PSYoungGen      total 33280K, used 11760K [0x00000000eab00000, 0x00000000ee100000, 0x0000000100000000)
  eden space 21504K, 0% used [0x00000000eab00000,0x00000000eab00000,0x00000000ec000000)
  from space 11776K, 99% used [0x00000000ec200000,0x00000000ecd7c010,0x00000000ecd80000)
  to   space 16896K, 0% used [0x00000000ed080000,0x00000000ed080000,0x00000000ee100000)
 ParOldGen       total 117248K, used 95658K [0x00000000c0000000, 0x00000000c7280000, 0x00000000eab00000)
  object space 117248K, 81% used [0x00000000c0000000,0x00000000c5d6aa60,0x00000000c7280000)
 Metaspace       used 70991K, committed 72320K, reserved 1114112K
  class space    used 7569K, committed 8128K, reserved 1048576K
}
Event: 12.859 GC heap before
{Heap before GC invocations=63 (full 5):
 PSYoungGen      total 33280K, used 33264K [0x00000000eab00000, 0x00000000ee100000, 0x0000000100000000)
  eden space 21504K, 100% used [0x00000000eab00000,0x00000000ec000000,0x00000000ec000000)
  from space 11776K, 99% used [0x00000000ec200000,0x00000000ecd7c010,0x00000000ecd80000)
  to   space 16896K, 0% used [0x00000000ed080000,0x00000000ed080000,0x00000000ee100000)
 ParOldGen       total 117248K, used 95658K [0x00000000c0000000, 0x00000000c7280000, 0x00000000eab00000)
  object space 117248K, 81% used [0x00000000c0000000,0x00000000c5d6aa60,0x00000000c7280000)
 Metaspace       used 71123K, committed 72384K, reserved 1114112K
  class space    used 7573K, committed 8128K, reserved 1048576K
}
Event: 12.876 GC heap after
{Heap after GC invocations=63 (full 5):
 PSYoungGen      total 25600K, used 1984K [0x00000000eab00000, 0x00000000ed280000, 0x0000000100000000)
  eden space 23552K, 0% used [0x00000000eab00000,0x00000000eab00000,0x00000000ec200000)
  from space 2048K, 96% used [0x00000000ed080000,0x00000000ed270000,0x00000000ed280000)
  to   space 7168K, 0% used [0x00000000ec480000,0x00000000ec480000,0x00000000ecb80000)
 ParOldGen       total 117248K, used 106809K [0x00000000c0000000, 0x00000000c7280000, 0x00000000eab00000)
  object space 117248K, 91% used [0x00000000c0000000,0x00000000c684e760,0x00000000c7280000)
 Metaspace       used 71123K, committed 72384K, reserved 1114112K
  class space    used 7573K, committed 8128K, reserved 1048576K
}
Event: 12.876 GC heap before
{Heap before GC invocations=64 (full 6):
 PSYoungGen      total 25600K, used 1984K [0x00000000eab00000, 0x00000000ed280000, 0x0000000100000000)
  eden space 23552K, 0% used [0x00000000eab00000,0x00000000eab00000,0x00000000ec200000)
  from space 2048K, 96% used [0x00000000ed080000,0x00000000ed270000,0x00000000ed280000)
  to   space 7168K, 0% used [0x00000000ec480000,0x00000000ec480000,0x00000000ecb80000)
 ParOldGen       total 117248K, used 106809K [0x00000000c0000000, 0x00000000c7280000, 0x00000000eab00000)
  object space 117248K, 91% used [0x00000000c0000000,0x00000000c684e760,0x00000000c7280000)
 Metaspace       used 71123K, committed 72384K, reserved 1114112K
  class space    used 7573K, committed 8128K, reserved 1048576K
}
Event: 13.030 GC heap after
{Heap after GC invocations=64 (full 6):
 PSYoungGen      total 26112K, used 0K [0x00000000eab00000, 0x00000000ed200000, 0x0000000100000000)
  eden space 25600K, 0% used [0x00000000eab00000,0x00000000eab00000,0x00000000ec400000)
  from space 512K, 0% used [0x00000000ec480000,0x00000000ec480000,0x00000000ec500000)
  to   space 7168K, 0% used [0x00000000ecb00000,0x00000000ecb00000,0x00000000ed200000)
 ParOldGen       total 171008K, used 94921K [0x00000000c0000000, 0x00000000ca700000, 0x00000000eab00000)
  object space 171008K, 55% used [0x00000000c0000000,0x00000000c5cb2658,0x00000000ca700000)
 Metaspace       used 71123K, committed 72384K, reserved 1114112K
  class space    used 7573K, committed 8128K, reserved 1048576K
}
Event: 13.330 GC heap before
{Heap before GC invocations=65 (full 6):
 PSYoungGen      total 26112K, used 25563K [0x00000000eab00000, 0x00000000ed200000, 0x0000000100000000)
  eden space 25600K, 99% used [0x00000000eab00000,0x00000000ec3f6f18,0x00000000ec400000)
  from space 512K, 0% used [0x00000000ec480000,0x00000000ec480000,0x00000000ec500000)
  to   space 7168K, 0% used [0x00000000ecb00000,0x00000000ecb00000,0x00000000ed200000)
 ParOldGen       total 171008K, used 94921K [0x00000000c0000000, 0x00000000ca700000, 0x00000000eab00000)
  object space 171008K, 55% used [0x00000000c0000000,0x00000000c5cb2658,0x00000000ca700000)
 Metaspace       used 71980K, committed 73344K, reserved 1179648K
  class space    used 7679K, committed 8256K, reserved 1048576K
}
Event: 13.333 GC heap after
{Heap after GC invocations=65 (full 6):
 PSYoungGen      total 29184K, used 1632K [0x00000000eab00000, 0x00000000ecd00000, 0x0000000100000000)
  eden space 27136K, 0% used [0x00000000eab00000,0x00000000eab00000,0x00000000ec580000)
  from space 2048K, 79% used [0x00000000ecb00000,0x00000000ecc98000,0x00000000ecd00000)
  to   space 3072K, 0% used [0x00000000ec700000,0x00000000ec700000,0x00000000eca00000)
 ParOldGen       total 171008K, used 94929K [0x00000000c0000000, 0x00000000ca700000, 0x00000000eab00000)
  object space 171008K, 55% used [0x00000000c0000000,0x00000000c5cb4658,0x00000000ca700000)
 Metaspace       used 71980K, committed 73344K, reserved 1179648K
  class space    used 7679K, committed 8256K, reserved 1048576K
}
Event: 13.476 GC heap before
{Heap before GC invocations=66 (full 6):
 PSYoungGen      total 29184K, used 28768K [0x00000000eab00000, 0x00000000ecd00000, 0x0000000100000000)
  eden space 27136K, 100% used [0x00000000eab00000,0x00000000ec580000,0x00000000ec580000)
  from space 2048K, 79% used [0x00000000ecb00000,0x00000000ecc98000,0x00000000ecd00000)
  to   space 3072K, 0% used [0x00000000ec700000,0x00000000ec700000,0x00000000eca00000)
 ParOldGen       total 171008K, used 94929K [0x00000000c0000000, 0x00000000ca700000, 0x00000000eab00000)
  object space 171008K, 55% used [0x00000000c0000000,0x00000000c5cb4658,0x00000000ca700000)
 Metaspace       used 72124K, committed 73472K, reserved 1179648K
  class space    used 7683K, committed 8256K, reserved 1048576K
}
Event: 13.478 GC heap after
{Heap after GC invocations=66 (full 6):
 PSYoungGen      total 30720K, used 1600K [0x00000000eab00000, 0x00000000ecb80000, 0x0000000100000000)
  eden space 28672K, 0% used [0x00000000eab00000,0x00000000eab00000,0x00000000ec700000)
  from space 2048K, 78% used [0x00000000ec700000,0x00000000ec890000,0x00000000ec900000)
  to   space 2048K, 0% used [0x00000000ec980000,0x00000000ec980000,0x00000000ecb80000)
 ParOldGen       total 171008K, used 94937K [0x00000000c0000000, 0x00000000ca700000, 0x00000000eab00000)
  object space 171008K, 55% used [0x00000000c0000000,0x00000000c5cb6658,0x00000000ca700000)
 Metaspace       used 72124K, committed 73472K, reserved 1179648K
  class space    used 7683K, committed 8256K, reserved 1048576K
}

